
> cms@1.0.0 build /Users/loren/dev/wanderlust/apps/cms
> cross-env NODE_OPTIONS="--no-deprecation --max-old-space-size=8000" next build

   ▲ Next.js 15.4.10
   - Environments: .env

   Creating an optimized production build ...
Failed to compile.

./src/app/(frontend)/styles.css.webpack[javascript/auto]!=!../../node_modules/.pnpm/next@15.4.10_@babel+core@7.28.5_@playwright+test@1.56.1_react-dom@19.2.1_react@19.2.1__react@19.2.1_sass@1.97.1/node_modules/next/dist/build/webpack/loaders/css-loader/src/index.js??ruleSet[1].rules[13].oneOf[10].use[2]!../../node_modules/.pnpm/next@15.4.10_@babel+core@7.28.5_@playwright+test@1.56.1_react-dom@19.2.1_react@19.2.1__react@19.2.1_sass@1.97.1/node_modules/next/dist/build/webpack/loaders/postcss-loader/src/index.js??ruleSet[1].rules[13].oneOf[10].use[3]!./src/app/(frontend)/styles.css
Error: It looks like you're trying to use `tailwindcss` directly as a PostCSS plugin. The PostCSS plugin has moved to a separate package, so to continue using Tailwind CSS with PostCSS you'll need to install `@tailwindcss/postcss` and update your PostCSS configuration.
    at lt (/Users/loren/dev/wanderlust/node_modules/.pnpm/tailwindcss@4.1.18/node_modules/tailwindcss/dist/lib.js:38:1643)
    at LazyResult.runOnRoot (/Users/loren/dev/wanderlust/node_modules/.pnpm/postcss@8.4.31/node_modules/postcss/lib/lazy-result.js:329:16)
    at LazyResult.runAsync (/Users/loren/dev/wanderlust/node_modules/.pnpm/postcss@8.4.31/node_modules/postcss/lib/lazy-result.js:258:26)
    at LazyResult.async (/Users/loren/dev/wanderlust/node_modules/.pnpm/postcss@8.4.31/node_modules/postcss/lib/lazy-result.js:160:30)
    at LazyResult.then (/Users/loren/dev/wanderlust/node_modules/.pnpm/postcss@8.4.31/node_modules/postcss/lib/lazy-result.js:404:17)

Import trace for requested module:
./src/app/(frontend)/styles.css.webpack[javascript/auto]!=!../../node_modules/.pnpm/next@15.4.10_@babel+core@7.28.5_@playwright+test@1.56.1_react-dom@19.2.1_react@19.2.1__react@19.2.1_sass@1.97.1/node_modules/next/dist/build/webpack/loaders/css-loader/src/index.js??ruleSet[1].rules[13].oneOf[10].use[2]!../../node_modules/.pnpm/next@15.4.10_@babel+core@7.28.5_@playwright+test@1.56.1_react-dom@19.2.1_react@19.2.1__react@19.2.1_sass@1.97.1/node_modules/next/dist/build/webpack/loaders/postcss-loader/src/index.js??ruleSet[1].rules[13].oneOf[10].use[3]!./src/app/(frontend)/styles.css
./src/app/(frontend)/styles.css

../../node_modules/.pnpm/@payloadcms+next@3.69.0_@types+react@19.2.1_graphql@16.12.0_monaco-editor@0.55.1_next@1_6fef2f4651068fe0929b02135a043538/node_modules/@payloadcms/next/dist/prod/styles.css.webpack[javascript/auto]!=!../../node_modules/.pnpm/next@15.4.10_@babel+core@7.28.5_@playwright+test@1.56.1_react-dom@19.2.1_react@19.2.1__react@19.2.1_sass@1.97.1/node_modules/next/dist/build/webpack/loaders/css-loader/src/index.js??ruleSet[1].rules[13].oneOf[10].use[2]!../../node_modules/.pnpm/next@15.4.10_@babel+core@7.28.5_@playwright+test@1.56.1_react-dom@19.2.1_react@19.2.1__react@19.2.1_sass@1.97.1/node_modules/next/dist/build/webpack/loaders/postcss-loader/src/index.js??ruleSet[1].rules[13].oneOf[10].use[3]!../../node_modules/.pnpm/@payloadcms+next@3.69.0_@types+react@19.2.1_graphql@16.12.0_monaco-editor@0.55.1_next@1_6fef2f4651068fe0929b02135a043538/node_modules/@payloadcms/next/dist/prod/styles.css
Error: It looks like you're trying to use `tailwindcss` directly as a PostCSS plugin. The PostCSS plugin has moved to a separate package, so to continue using Tailwind CSS with PostCSS you'll need to install `@tailwindcss/postcss` and update your PostCSS configuration.
    at lt (/Users/loren/dev/wanderlust/node_modules/.pnpm/tailwindcss@4.1.18/node_modules/tailwindcss/dist/lib.js:38:1643)
    at LazyResult.runOnRoot (/Users/loren/dev/wanderlust/node_modules/.pnpm/postcss@8.4.31/node_modules/postcss/lib/lazy-result.js:329:16)
    at LazyResult.runAsync (/Users/loren/dev/wanderlust/node_modules/.pnpm/postcss@8.4.31/node_modules/postcss/lib/lazy-result.js:258:26)
    at LazyResult.async (/Users/loren/dev/wanderlust/node_modules/.pnpm/postcss@8.4.31/node_modules/postcss/lib/lazy-result.js:160:30)
    at LazyResult.then (/Users/loren/dev/wanderlust/node_modules/.pnpm/postcss@8.4.31/node_modules/postcss/lib/lazy-result.js:404:17)

Import trace for requested module:
../../node_modules/.pnpm/@payloadcms+next@3.69.0_@types+react@19.2.1_graphql@16.12.0_monaco-editor@0.55.1_next@1_6fef2f4651068fe0929b02135a043538/node_modules/@payloadcms/next/dist/prod/styles.css.webpack[javascript/auto]!=!../../node_modules/.pnpm/next@15.4.10_@babel+core@7.28.5_@playwright+test@1.56.1_react-dom@19.2.1_react@19.2.1__react@19.2.1_sass@1.97.1/node_modules/next/dist/build/webpack/loaders/css-loader/src/index.js??ruleSet[1].rules[13].oneOf[10].use[2]!../../node_modules/.pnpm/next@15.4.10_@babel+core@7.28.5_@playwright+test@1.56.1_react-dom@19.2.1_react@19.2.1__react@19.2.1_sass@1.97.1/node_modules/next/dist/build/webpack/loaders/postcss-loader/src/index.js??ruleSet[1].rules[13].oneOf[10].use[3]!../../node_modules/.pnpm/@payloadcms+next@3.69.0_@types+react@19.2.1_graphql@16.12.0_monaco-editor@0.55.1_next@1_6fef2f4651068fe0929b02135a043538/node_modules/@payloadcms/next/dist/prod/styles.css
../../node_modules/.pnpm/@payloadcms+next@3.69.0_@types+react@19.2.1_graphql@16.12.0_monaco-editor@0.55.1_next@1_6fef2f4651068fe0929b02135a043538/node_modules/@payloadcms/next/dist/prod/styles.css

../../node_modules/.pnpm/react-image-crop@10.1.8_react@19.2.1/node_modules/react-image-crop/dist/ReactCrop.css.webpack[javascript/auto]!=!../../node_modules/.pnpm/next@15.4.10_@babel+core@7.28.5_@playwright+test@1.56.1_react-dom@19.2.1_react@19.2.1__react@19.2.1_sass@1.97.1/node_modules/next/dist/build/webpack/loaders/css-loader/src/index.js??ruleSet[1].rules[13].oneOf[10].use[2]!../../node_modules/.pnpm/next@15.4.10_@babel+core@7.28.5_@playwright+test@1.56.1_react-dom@19.2.1_react@19.2.1__react@19.2.1_sass@1.97.1/node_modules/next/dist/build/webpack/loaders/postcss-loader/src/index.js??ruleSet[1].rules[13].oneOf[10].use[3]!../../node_modules/.pnpm/react-image-crop@10.1.8_react@19.2.1/node_modules/react-image-crop/dist/ReactCrop.css
Error: It looks like you're trying to use `tailwindcss` directly as a PostCSS plugin. The PostCSS plugin has moved to a separate package, so to continue using Tailwind CSS with PostCSS you'll need to install `@tailwindcss/postcss` and update your PostCSS configuration.
    at lt (/Users/loren/dev/wanderlust/node_modules/.pnpm/tailwindcss@4.1.18/node_modules/tailwindcss/dist/lib.js:38:1643)
    at LazyResult.runOnRoot (/Users/loren/dev/wanderlust/node_modules/.pnpm/postcss@8.4.31/node_modules/postcss/lib/lazy-result.js:329:16)
    at LazyResult.runAsync (/Users/loren/dev/wanderlust/node_modules/.pnpm/postcss@8.4.31/node_modules/postcss/lib/lazy-result.js:258:26)
    at LazyResult.async (/Users/loren/dev/wanderlust/node_modules/.pnpm/postcss@8.4.31/node_modules/postcss/lib/lazy-result.js:160:30)
    at LazyResult.then (/Users/loren/dev/wanderlust/node_modules/.pnpm/postcss@8.4.31/node_modules/postcss/lib/lazy-result.js:404:17)

Import trace for requested module:
../../node_modules/.pnpm/react-image-crop@10.1.8_react@19.2.1/node_modules/react-image-crop/dist/ReactCrop.css.webpack[javascript/auto]!=!../../node_modules/.pnpm/next@15.4.10_@babel+core@7.28.5_@playwright+test@1.56.1_react-dom@19.2.1_react@19.2.1__react@19.2.1_sass@1.97.1/node_modules/next/dist/build/webpack/loaders/css-loader/src/index.js??ruleSet[1].rules[13].oneOf[10].use[2]!../../node_modules/.pnpm/next@15.4.10_@babel+core@7.28.5_@playwright+test@1.56.1_react-dom@19.2.1_react@19.2.1__react@19.2.1_sass@1.97.1/node_modules/next/dist/build/webpack/loaders/postcss-loader/src/index.js??ruleSet[1].rules[13].oneOf[10].use[3]!../../node_modules/.pnpm/react-image-crop@10.1.8_react@19.2.1/node_modules/react-image-crop/dist/ReactCrop.css
../../node_modules/.pnpm/react-image-crop@10.1.8_react@19.2.1/node_modules/react-image-crop/dist/ReactCrop.css
../../node_modules/.pnpm/@payloadcms+ui@3.69.0_@types+react@19.2.1_monaco-editor@0.55.1_next@15.4.10_@babel+core_9869fb58089859b54bcbf7afde44fcd0/node_modules/@payloadcms/ui/dist/exports/client/index.js

./src/app/(payload)/custom.scss.webpack[javascript/auto]!=!../../node_modules/.pnpm/next@15.4.10_@babel+core@7.28.5_@playwright+test@1.56.1_react-dom@19.2.1_react@19.2.1__react@19.2.1_sass@1.97.1/node_modules/next/dist/build/webpack/loaders/css-loader/src/index.js??ruleSet[1].rules[13].oneOf[11].use[2]!../../node_modules/.pnpm/next@15.4.10_@babel+core@7.28.5_@playwright+test@1.56.1_react-dom@19.2.1_react@19.2.1__react@19.2.1_sass@1.97.1/node_modules/next/dist/build/webpack/loaders/postcss-loader/src/index.js??ruleSet[1].rules[13].oneOf[11].use[3]!../../node_modules/.pnpm/next@15.4.10_@babel+core@7.28.5_@playwright+test@1.56.1_react-dom@19.2.1_react@19.2.1__react@19.2.1_sass@1.97.1/node_modules/next/dist/build/webpack/loaders/resolve-url-loader/index.js??ruleSet[1].rules[13].oneOf[11].use[4]!../../node_modules/.pnpm/next@15.4.10_@babel+core@7.28.5_@playwright+test@1.56.1_react-dom@19.2.1_react@19.2.1__react@19.2.1_sass@1.97.1/node_modules/next/dist/compiled/sass-loader/cjs.js??ruleSet[1].rules[13].oneOf[11].use[5]!./src/app/(payload)/custom.scss
Error: It looks like you're trying to use `tailwindcss` directly as a PostCSS plugin. The PostCSS plugin has moved to a separate package, so to continue using Tailwind CSS with PostCSS you'll need to install `@tailwindcss/postcss` and update your PostCSS configuration.
    at lt (/Users/loren/dev/wanderlust/node_modules/.pnpm/tailwindcss@4.1.18/node_modules/tailwindcss/dist/lib.js:38:1643)
    at LazyResult.runOnRoot (/Users/loren/dev/wanderlust/node_modules/.pnpm/postcss@8.4.31/node_modules/postcss/lib/lazy-result.js:329:16)
    at LazyResult.runAsync (/Users/loren/dev/wanderlust/node_modules/.pnpm/postcss@8.4.31/node_modules/postcss/lib/lazy-result.js:258:26)
    at LazyResult.async (/Users/loren/dev/wanderlust/node_modules/.pnpm/postcss@8.4.31/node_modules/postcss/lib/lazy-result.js:160:30)
    at LazyResult.then (/Users/loren/dev/wanderlust/node_modules/.pnpm/postcss@8.4.31/node_modules/postcss/lib/lazy-result.js:404:17)

Import trace for requested module:
./src/app/(payload)/custom.scss.webpack[javascript/auto]!=!../../node_modules/.pnpm/next@15.4.10_@babel+core@7.28.5_@playwright+test@1.56.1_react-dom@19.2.1_react@19.2.1__react@19.2.1_sass@1.97.1/node_modules/next/dist/build/webpack/loaders/css-loader/src/index.js??ruleSet[1].rules[13].oneOf[11].use[2]!../../node_modules/.pnpm/next@15.4.10_@babel+core@7.28.5_@playwright+test@1.56.1_react-dom@19.2.1_react@19.2.1__react@19.2.1_sass@1.97.1/node_modules/next/dist/build/webpack/loaders/postcss-loader/src/index.js??ruleSet[1].rules[13].oneOf[11].use[3]!../../node_modules/.pnpm/next@15.4.10_@babel+core@7.28.5_@playwright+test@1.56.1_react-dom@19.2.1_react@19.2.1__react@19.2.1_sass@1.97.1/node_modules/next/dist/build/webpack/loaders/resolve-url-loader/index.js??ruleSet[1].rules[13].oneOf[11].use[4]!../../node_modules/.pnpm/next@15.4.10_@babel+core@7.28.5_@playwright+test@1.56.1_react-dom@19.2.1_react@19.2.1__react@19.2.1_sass@1.97.1/node_modules/next/dist/compiled/sass-loader/cjs.js??ruleSet[1].rules[13].oneOf[11].use[5]!./src/app/(payload)/custom.scss
./src/app/(payload)/custom.scss

../../node_modules/.pnpm/@payloadcms+ui@3.69.0_@types+react@19.2.1_monaco-editor@0.55.1_next@15.4.10_@babel+core_9869fb58089859b54bcbf7afde44fcd0/node_modules/@payloadcms/ui/dist/elements/Banner/index.scss.webpack[javascript/auto]!=!../../node_modules/.pnpm/next@15.4.10_@babel+core@7.28.5_@playwright+test@1.56.1_react-dom@19.2.1_react@19.2.1__react@19.2.1_sass@1.97.1/node_modules/next/dist/build/webpack/loaders/css-loader/src/index.js??ruleSet[1].rules[13].oneOf[11].use[2]!../../node_modules/.pnpm/next@15.4.10_@babel+core@7.28.5_@playwright+test@1.56.1_react-dom@19.2.1_react@19.2.1__react@19.2.1_sass@1.97.1/node_modules/next/dist/build/webpack/loaders/postcss-loader/src/index.js??ruleSet[1].rules[13].oneOf[11].use[3]!../../node_modules/.pnpm/next@15.4.10_@babel+core@7.28.5_@playwright+test@1.56.1_react-dom@19.2.1_react@19.2.1__react@19.2.1_sass@1.97.1/node_modules/next/dist/build/webpack/loaders/resolve-url-loader/index.js??ruleSet[1].rules[13].oneOf[11].use[4]!../../node_modules/.pnpm/next@15.4.10_@babel+core@7.28.5_@playwright+test@1.56.1_react-dom@19.2.1_react@19.2.1__react@19.2.1_sass@1.97.1/node_modules/next/dist/compiled/sass-loader/cjs.js??ruleSet[1].rules[13].oneOf[11].use[5]!../../node_modules/.pnpm/@payloadcms+ui@3.69.0_@types+react@19.2.1_monaco-editor@0.55.1_next@15.4.10_@babel+core_9869fb58089859b54bcbf7afde44fcd0/node_modules/@payloadcms/ui/dist/elements/Banner/index.scss
Error: It looks like you're trying to use `tailwindcss` directly as a PostCSS plugin. The PostCSS plugin has moved to a separate package, so to continue using Tailwind CSS with PostCSS you'll need to install `@tailwindcss/postcss` and update your PostCSS configuration.
    at lt (/Users/loren/dev/wanderlust/node_modules/.pnpm/tailwindcss@4.1.18/node_modules/tailwindcss/dist/lib.js:38:1643)
    at LazyResult.runOnRoot (/Users/loren/dev/wanderlust/node_modules/.pnpm/postcss@8.4.31/node_modules/postcss/lib/lazy-result.js:329:16)
    at LazyResult.runAsync (/Users/loren/dev/wanderlust/node_modules/.pnpm/postcss@8.4.31/node_modules/postcss/lib/lazy-result.js:258:26)
    at LazyResult.async (/Users/loren/dev/wanderlust/node_modules/.pnpm/postcss@8.4.31/node_modules/postcss/lib/lazy-result.js:160:30)
    at LazyResult.then (/Users/loren/dev/wanderlust/node_modules/.pnpm/postcss@8.4.31/node_modules/postcss/lib/lazy-result.js:404:17)

Import trace for requested module:
../../node_modules/.pnpm/@payloadcms+ui@3.69.0_@types+react@19.2.1_monaco-editor@0.55.1_next@15.4.10_@babel+core_9869fb58089859b54bcbf7afde44fcd0/node_modules/@payloadcms/ui/dist/elements/Banner/index.scss.webpack[javascript/auto]!=!../../node_modules/.pnpm/next@15.4.10_@babel+core@7.28.5_@playwright+test@1.56.1_react-dom@19.2.1_react@19.2.1__react@19.2.1_sass@1.97.1/node_modules/next/dist/build/webpack/loaders/css-loader/src/index.js??ruleSet[1].rules[13].oneOf[11].use[2]!../../node_modules/.pnpm/next@15.4.10_@babel+core@7.28.5_@playwright+test@1.56.1_react-dom@19.2.1_react@19.2.1__react@19.2.1_sass@1.97.1/node_modules/next/dist/build/webpack/loaders/postcss-loader/src/index.js??ruleSet[1].rules[13].oneOf[11].use[3]!../../node_modules/.pnpm/next@15.4.10_@babel+core@7.28.5_@playwright+test@1.56.1_react-dom@19.2.1_react@19.2.1__react@19.2.1_sass@1.97.1/node_modules/next/dist/build/webpack/loaders/resolve-url-loader/index.js??ruleSet[1].rules[13].oneOf[11].use[4]!../../node_modules/.pnpm/next@15.4.10_@babel+core@7.28.5_@playwright+test@1.56.1_react-dom@19.2.1_react@19.2.1__react@19.2.1_sass@1.97.1/node_modules/next/dist/compiled/sass-loader/cjs.js??ruleSet[1].rules[13].oneOf[11].use[5]!../../node_modules/.pnpm/@payloadcms+ui@3.69.0_@types+react@19.2.1_monaco-editor@0.55.1_next@15.4.10_@babel+core_9869fb58089859b54bcbf7afde44fcd0/node_modules/@payloadcms/ui/dist/elements/Banner/index.scss
../../node_modules/.pnpm/@payloadcms+ui@3.69.0_@types+react@19.2.1_monaco-editor@0.55.1_next@15.4.10_@babel+core_9869fb58089859b54bcbf7afde44fcd0/node_modules/@payloadcms/ui/dist/elements/Banner/index.scss
../../node_modules/.pnpm/@payloadcms+ui@3.69.0_@types+react@19.2.1_monaco-editor@0.55.1_next@15.4.10_@babel+core_9869fb58089859b54bcbf7afde44fcd0/node_modules/@payloadcms/ui/dist/elements/Banner/index.js


> Build failed because of webpack errors
 ELIFECYCLE  Command failed with exit code 1.
